<?xml version="1.0" encoding="UTF-8"?>
<!-- Generated by org.testng.reporters.JUnitReportReporter -->
<testsuite hostname="LIFE-HO-ICT-32" failures="0" tests="4" name="ui.GroupsDemoTest" time="0.007" errors="0" timestamp="2021-12-24T09:49:13 IST" skipped="0">
  <testcase classname="ui.GroupsDemoTest" name="bTest4" time="0.002"/>
  <system-out/>
  <testcase classname="ui.GroupsDemoTest" name="bTest3" time="0.004"/>
  <system-out/>
  <testcase classname="ui.GroupsDemoTest" name="aTest1" time="0.000"/>
  <system-out/>
  <testcase classname="ui.GroupsDemoTest" name="bTest2" time="0.001"/>
  <system-out/>
</testsuite> <!-- ui.GroupsDemoTest -->
