<?xml version="1.0" encoding="UTF-8"?>
<!-- Generated by org.testng.reporters.JUnitReportReporter -->
<testsuite hostname="LIFE-HO-ICT-32" failures="0" tests="1" name="ui.LoginTest2" time="2.254" errors="0" timestamp="2021-10-19T11:35:09 IST" skipped="0">
  <testcase classname="ui.LoginTest2" name="launchApp" time="2.254"/>
  <system-out/>
</testsuite> <!-- ui.LoginTest2 -->
