<?xml version="1.0" encoding="UTF-8"?>
<!-- Generated by org.testng.reporters.JUnitReportReporter -->
<testsuite hostname="LIFE-HO-ICT-32" failures="0" tests="1" name="ui.VerifyTitleTestAndTextTest" time="4.411" errors="0" timestamp="2021-10-19T00:22:39 IST" skipped="0">
  <testcase classname="ui.VerifyTitleTestAndTextTest" name="verifyTitle" time="4.411"/>
  <system-out/>
</testsuite> <!-- ui.VerifyTitleTestAndTextTest -->
