<?xml version="1.0" encoding="UTF-8"?>
<!-- Generated by org.testng.reporters.JUnitReportReporter -->
<testsuite hostname="LIFE-HO-ICT-32" failures="0" tests="3" name="ui.SkipDemoTest" time="0.006" errors="0" timestamp="2021-10-18T23:27:22 IST" skipped="3">
  <testcase classname="ui.SkipDemoTest" name="skipTest3" time="0.000">
    <skipped/>
  </testcase> <!-- skipTest3 -->
  <system-out/>
  <testcase classname="ui.SkipDemoTest" name="skipTest2" time="0.006">
    <skipped/>
  </testcase> <!-- skipTest2 -->
  <system-out/>
  <testcase classname="ui.SkipDemoTest" name="skipTest1">
    <skipped/>
  </testcase> <!-- skipTest1 -->
  <system-out/>
</testsuite> <!-- ui.SkipDemoTest -->
