<?xml version="1.0" encoding="UTF-8"?>
<!-- Generated by org.testng.reporters.JUnitReportReporter -->
<testsuite hostname="LIFE-HO-ICT-32" failures="0" tests="4" name="ui.DataProviderDemoTest2" time="20.693" errors="0" timestamp="2021-10-19T10:21:32 IST" skipped="0">
  <testcase classname="ui.DataProviderDemoTest2" name="test2" time="1.777"/>
  <system-out/>
  <testcase classname="ui.DataProviderDemoTest2" name="test2" time="5.063"/>
  <system-out/>
  <testcase classname="ui.DataProviderDemoTest2" name="test2" time="12.098"/>
  <system-out/>
  <testcase classname="ui.DataProviderDemoTest2" name="test2" time="1.755"/>
  <system-out/>
</testsuite> <!-- ui.DataProviderDemoTest2 -->
