<?xml version="1.0" encoding="UTF-8"?>
<!-- Generated by org.testng.reporters.JUnitReportReporter -->
<testsuite hostname="LIFE-HO-ICT-32" failures="0" tests="4" name="ui.ReportTest" time="0.004" errors="0" timestamp="2021-10-19T16:57:12 IST" skipped="0">
  <testcase classname="ui.ReportTest" name="ReporterTest4" time="0.000"/>
  <system-out>
    <![CDATA[Method name - ReporterTest4
<a href="C:\Users\Panduka.Wijekoon\eclipse-workspace\webportal\screenshot\Tue-Oct-19-13-44-48-IST-2021.png">result link</a>
the status is - 1]]>
  </system-out>
  <testcase classname="ui.ReportTest" name="ReporterTest1" time="0.003"/>
  <system-out>
    <![CDATA[Method name - ReporterTest1
<a href="C:\Users\Panduka.Wijekoon\eclipse-workspace\webportal\screenshot\Tue-Oct-19-13-44-48-IST-2021.png">result link</a>
the status is - 1]]>
  </system-out>
  <testcase classname="ui.ReportTest" name="ReporterTest2" time="0.000"/>
  <system-out>
    <![CDATA[Method name - ReporterTest2
<a href="C:\Users\Panduka.Wijekoon\eclipse-workspace\webportal\screenshot\Tue-Oct-19-13-44-48-IST-2021.png">result link</a>
this is test 2 log
the status is - 1]]>
  </system-out>
  <testcase classname="ui.ReportTest" name="ReporterTest3" time="0.001"/>
  <system-out>
    <![CDATA[Method name - ReporterTest3
<a href="C:\Users\Panduka.Wijekoon\eclipse-workspace\webportal\screenshot\Tue-Oct-19-13-44-48-IST-2021.png">result link</a>
the status is - 1]]>
  </system-out>
</testsuite> <!-- ui.ReportTest -->
