<?xml version="1.0" encoding="UTF-8"?>
<!-- Generated by org.testng.reporters.JUnitReportReporter -->
<testsuite hostname="LIFE-HO-ICT-32" failures="0" tests="1" name="ui.VerifyTitleTest" time="21.100" errors="0" timestamp="2021-12-22T20:17:37 IST" skipped="0">
  <testcase classname="ui.VerifyTitleTest" name="titleTest" time="21.100"/>
  <system-out/>
</testsuite> <!-- ui.VerifyTitleTest -->
