<?xml version="1.0" encoding="UTF-8"?>
<!-- Generated by org.testng.reporters.JUnitReportReporter -->
<testsuite hostname="LIFE-HO-ICT-32" failures="0" tests="2" name="ui.LoginTest" time="0.005" errors="0" timestamp="2021-12-25T13:59:29 IST" skipped="0">
  <testcase classname="ui.LoginTest" name="loginTest" time="0.004"/>
  <system-out/>
  <testcase classname="ui.LoginTest" name="logoutTest" time="0.001"/>
  <system-out/>
</testsuite> <!-- ui.LoginTest -->
