<?xml version="1.0" encoding="UTF-8"?>
<!-- Generated by org.testng.reporters.JUnitReportReporter -->
<testsuite hostname="LIFE-HO-ICT-32" failures="0" tests="4" name="ui.DataProviderDemoTest" time="0.005" errors="0" timestamp="2021-10-19T10:37:28 IST" skipped="0">
  <testcase classname="ui.DataProviderDemoTest" name="test" time="0.003"/>
  <system-out/>
  <testcase classname="ui.DataProviderDemoTest" name="test2" time="0.001"/>
  <system-out/>
  <testcase classname="ui.DataProviderDemoTest" name="test2" time="0.001"/>
  <system-out/>
  <testcase classname="ui.DataProviderDemoTest" name="test" time="0.000"/>
  <system-out/>
</testsuite> <!-- ui.DataProviderDemoTest -->
